<?xml version="1.0" encoding="UTF-8"?>
<!-- Generated by org.testng.reporters.JUnitXMLReporter -->
<testsuite ignored="0" hostname="DAnglaeva-PF16KR95" failures="0" tests="7" name="Surefire test" time="50.581" errors="0" timestamp="2024-05-27T14:35:11 EDT">
  <testcase classname="org.selenium.pom.tests.NavigationTest" name="NavigateFromHomeToStoreUsingMainMenu" time="7.32"/>
  <testcase classname="org.selenium.pom.tests.AddToCartTest" name="addToCartFromStorePage" time="10.403"/>
  <testcase classname="org.selenium.pom.tests.MyRealTest" name="guestCheckoutUsingDirectBankTransfer" time="39.469"/>
  <testcase classname="org.selenium.pom.tests.SearchTest" name="searchWithPartialMatch" time="5.6"/>
  <testcase classname="org.selenium.pom.tests.MyRealTest" name="loginAndCheckoutUsingDirectBankTransfer" time="40.38"/>
  <testcase classname="org.selenium.pom.tests.CheckoutTest" name="LoginAndCheckoutUsingDirectBankTransfer" time="43.186"/>
  <testcase classname="org.selenium.pom.tests.LoginTest" name="loginDuringCheckout" time="42.296"/>
</testsuite> <!-- Surefire test -->
