<?xml version="1.0" encoding="UTF-8"?>
<testng-results ignored="0" total="7" passed="7" failed="0" skipped="0">
  <reporter-output>
  </reporter-output>
  <suite started-at="2024-05-27T14:34:20 EDT" name="Surefire suite" finished-at="2024-05-27T14:35:11 EDT" duration-ms="50581">
    <groups>
    </groups>
    <test started-at="2024-05-27T14:34:20 EDT" name="Surefire test" finished-at="2024-05-27T14:35:11 EDT" duration-ms="50581">
      <class name="org.selenium.pom.tests.NavigationTest">
        <test-method is-config="true" signature="startDriver(java.lang.String)[pri:0, instance:org.selenium.pom.tests.NavigationTest@181e731e]" started-at="2024-05-27T14:34:20 EDT" name="startDriver" finished-at="2024-05-27T14:34:28 EDT" duration-ms="7683" status="PASS">
          <params>
            <param index="0">
              <value>
                <![CDATA[CHROME]]>
              </value>
            </param>
          </params>
          <reporter-output>
          </reporter-output>
        </test-method> <!-- startDriver -->
        <test-method signature="NavigateFromHomeToStoreUsingMainMenu()[pri:0, instance:org.selenium.pom.tests.NavigationTest@181e731e]" started-at="2024-05-27T14:34:28 EDT" name="NavigateFromHomeToStoreUsingMainMenu" finished-at="2024-05-27T14:34:35 EDT" duration-ms="7320" status="PASS">
          <reporter-output>
          </reporter-output>
        </test-method> <!-- NavigateFromHomeToStoreUsingMainMenu -->
        <test-method is-config="true" signature="quitDriver()[pri:0, instance:org.selenium.pom.tests.NavigationTest@181e731e]" started-at="2024-05-27T14:34:35 EDT" name="quitDriver" finished-at="2024-05-27T14:34:58 EDT" duration-ms="23430" status="PASS">
          <reporter-output>
          </reporter-output>
        </test-method> <!-- quitDriver -->
      </class> <!-- org.selenium.pom.tests.NavigationTest -->
      <class name="org.selenium.pom.tests.CheckoutTest">
        <test-method is-config="true" signature="startDriver(java.lang.String)[pri:0, instance:org.selenium.pom.tests.CheckoutTest@7daa0fbd]" started-at="2024-05-27T14:34:20 EDT" name="startDriver" finished-at="2024-05-27T14:34:26 EDT" duration-ms="5998" status="PASS">
          <params>
            <param index="0">
              <value>
                <![CDATA[CHROME]]>
              </value>
            </param>
          </params>
          <reporter-output>
          </reporter-output>
        </test-method> <!-- startDriver -->
        <test-method signature="LoginAndCheckoutUsingDirectBankTransfer()[pri:0, instance:org.selenium.pom.tests.CheckoutTest@7daa0fbd]" started-at="2024-05-27T14:34:26 EDT" name="LoginAndCheckoutUsingDirectBankTransfer" finished-at="2024-05-27T14:35:09 EDT" duration-ms="43186" status="PASS">
          <reporter-output>
          </reporter-output>
        </test-method> <!-- LoginAndCheckoutUsingDirectBankTransfer -->
        <test-method is-config="true" signature="quitDriver()[pri:0, instance:org.selenium.pom.tests.CheckoutTest@7daa0fbd]" started-at="2024-05-27T14:35:09 EDT" name="quitDriver" finished-at="2024-05-27T14:35:10 EDT" duration-ms="411" status="PASS">
          <reporter-output>
          </reporter-output>
        </test-method> <!-- quitDriver -->
      </class> <!-- org.selenium.pom.tests.CheckoutTest -->
      <class name="org.selenium.pom.tests.SearchTest">
        <test-method is-config="true" signature="startDriver(java.lang.String)[pri:0, instance:org.selenium.pom.tests.SearchTest@35645047]" started-at="2024-05-27T14:34:58 EDT" name="startDriver" finished-at="2024-05-27T14:35:01 EDT" duration-ms="2867" status="PASS">
          <params>
            <param index="0">
              <value>
                <![CDATA[CHROME]]>
              </value>
            </param>
          </params>
          <reporter-output>
          </reporter-output>
        </test-method> <!-- startDriver -->
        <test-method signature="searchWithPartialMatch()[pri:0, instance:org.selenium.pom.tests.SearchTest@35645047]" started-at="2024-05-27T14:35:01 EDT" name="searchWithPartialMatch" finished-at="2024-05-27T14:35:07 EDT" duration-ms="5600" status="PASS">
          <reporter-output>
          </reporter-output>
        </test-method> <!-- searchWithPartialMatch -->
        <test-method is-config="true" signature="quitDriver()[pri:0, instance:org.selenium.pom.tests.SearchTest@35645047]" started-at="2024-05-27T14:35:07 EDT" name="quitDriver" finished-at="2024-05-27T14:35:08 EDT" duration-ms="733" status="PASS">
          <reporter-output>
          </reporter-output>
        </test-method> <!-- quitDriver -->
      </class> <!-- org.selenium.pom.tests.SearchTest -->
      <class name="org.selenium.pom.tests.AddToCartTest">
        <test-method is-config="true" signature="startDriver(java.lang.String)[pri:0, instance:org.selenium.pom.tests.AddToCartTest@432038ec]" started-at="2024-05-27T14:34:20 EDT" name="startDriver" finished-at="2024-05-27T14:34:27 EDT" duration-ms="6762" status="PASS">
          <params>
            <param index="0">
              <value>
                <![CDATA[CHROME]]>
              </value>
            </param>
          </params>
          <reporter-output>
          </reporter-output>
        </test-method> <!-- startDriver -->
        <test-method signature="addToCartFromStorePage()[pri:0, instance:org.selenium.pom.tests.AddToCartTest@432038ec]" started-at="2024-05-27T14:34:27 EDT" name="addToCartFromStorePage" finished-at="2024-05-27T14:34:37 EDT" duration-ms="10403" status="PASS">
          <reporter-output>
          </reporter-output>
        </test-method> <!-- addToCartFromStorePage -->
        <test-method is-config="true" signature="quitDriver()[pri:0, instance:org.selenium.pom.tests.AddToCartTest@432038ec]" started-at="2024-05-27T14:34:37 EDT" name="quitDriver" finished-at="2024-05-27T14:35:00 EDT" duration-ms="23080" status="PASS">
          <reporter-output>
          </reporter-output>
        </test-method> <!-- quitDriver -->
      </class> <!-- org.selenium.pom.tests.AddToCartTest -->
      <class name="org.selenium.pom.tests.LoginTest">
        <test-method is-config="true" signature="startDriver(java.lang.String)[pri:0, instance:org.selenium.pom.tests.LoginTest@42530531]" started-at="2024-05-27T14:34:20 EDT" name="startDriver" finished-at="2024-05-27T14:34:28 EDT" duration-ms="7631" status="PASS">
          <params>
            <param index="0">
              <value>
                <![CDATA[CHROME]]>
              </value>
            </param>
          </params>
          <reporter-output>
          </reporter-output>
        </test-method> <!-- startDriver -->
        <test-method signature="loginDuringCheckout()[pri:0, instance:org.selenium.pom.tests.LoginTest@42530531]" started-at="2024-05-27T14:34:28 EDT" name="loginDuringCheckout" finished-at="2024-05-27T14:35:10 EDT" duration-ms="42296" status="PASS">
          <reporter-output>
          </reporter-output>
        </test-method> <!-- loginDuringCheckout -->
        <test-method is-config="true" signature="quitDriver()[pri:0, instance:org.selenium.pom.tests.LoginTest@42530531]" started-at="2024-05-27T14:35:10 EDT" name="quitDriver" finished-at="2024-05-27T14:35:11 EDT" duration-ms="584" status="PASS">
          <reporter-output>
          </reporter-output>
        </test-method> <!-- quitDriver -->
      </class> <!-- org.selenium.pom.tests.LoginTest -->
      <class name="org.selenium.pom.tests.MyRealTest">
        <test-method is-config="true" signature="startDriver(java.lang.String)[pri:0, instance:org.selenium.pom.tests.MyRealTest@5a3bc7ed]" started-at="2024-05-27T14:34:20 EDT" name="startDriver" finished-at="2024-05-27T14:34:27 EDT" duration-ms="6812" status="PASS">
          <params>
            <param index="0">
              <value>
                <![CDATA[CHROME]]>
              </value>
            </param>
          </params>
          <reporter-output>
          </reporter-output>
        </test-method> <!-- startDriver -->
        <test-method is-config="true" signature="startDriver(java.lang.String)[pri:0, instance:org.selenium.pom.tests.MyRealTest@5a3bc7ed]" started-at="2024-05-27T14:34:20 EDT" name="startDriver" finished-at="2024-05-27T14:34:28 EDT" duration-ms="7545" status="PASS">
          <params>
            <param index="0">
              <value>
                <![CDATA[CHROME]]>
              </value>
            </param>
          </params>
          <reporter-output>
          </reporter-output>
        </test-method> <!-- startDriver -->
        <test-method signature="guestCheckoutUsingDirectBankTransfer()[pri:0, instance:org.selenium.pom.tests.MyRealTest@5a3bc7ed]" started-at="2024-05-27T14:34:27 EDT" name="guestCheckoutUsingDirectBankTransfer" finished-at="2024-05-27T14:35:06 EDT" duration-ms="39469" status="PASS">
          <reporter-output>
          </reporter-output>
        </test-method> <!-- guestCheckoutUsingDirectBankTransfer -->
        <test-method signature="loginAndCheckoutUsingDirectBankTransfer()[pri:0, instance:org.selenium.pom.tests.MyRealTest@5a3bc7ed]" started-at="2024-05-27T14:34:28 EDT" name="loginAndCheckoutUsingDirectBankTransfer" finished-at="2024-05-27T14:35:08 EDT" duration-ms="40380" status="PASS">
          <reporter-output>
          </reporter-output>
        </test-method> <!-- loginAndCheckoutUsingDirectBankTransfer -->
        <test-method is-config="true" signature="quitDriver()[pri:0, instance:org.selenium.pom.tests.MyRealTest@5a3bc7ed]" started-at="2024-05-27T14:35:06 EDT" name="quitDriver" finished-at="2024-05-27T14:35:08 EDT" duration-ms="1321" status="PASS">
          <reporter-output>
          </reporter-output>
        </test-method> <!-- quitDriver -->
        <test-method is-config="true" signature="quitDriver()[pri:0, instance:org.selenium.pom.tests.MyRealTest@5a3bc7ed]" started-at="2024-05-27T14:35:08 EDT" name="quitDriver" finished-at="2024-05-27T14:35:08 EDT" duration-ms="387" status="PASS">
          <reporter-output>
          </reporter-output>
        </test-method> <!-- quitDriver -->
      </class> <!-- org.selenium.pom.tests.MyRealTest -->
    </test> <!-- Surefire test -->
  </suite> <!-- Surefire suite -->
</testng-results>
